<?xml version="1.0" encoding="UTF-8"?>
<!-- Generated by org.testng.reporters.JUnitXMLReporter -->
<testsuite ignored="5" hostname="Aleksandar-PC" failures="0" tests="1" name="Default test" time="52.791" errors="0" timestamp="2022-12-14T19:24:53 CET">
  <testcase classname="testSuite.PdpPomTestScripts" name="VerifyRentalItemCalendarLOOP" time="14.105"/>
  <testcase classname="testSuite.PdpPomTestScripts" name="TC_DETAILS_003_ReviewWithLoggedInUser" time="0.0">
    <ignored/>
  </testcase> <!-- TC_DETAILS_003_ReviewWithLoggedInUser -->
  <testcase classname="testSuite.PdpPomTestScripts" name="VerifyRentalItemCalendarSendKeys" time="0.0">
    <ignored/>
  </testcase> <!-- VerifyRentalItemCalendarSendKeys -->
  <testcase classname="testSuite.PdpPomTestScripts" name="VerifyRentalItemCalendarFORLoop" time="0.0">
    <ignored/>
  </testcase> <!-- VerifyRentalItemCalendarFORLoop -->
  <testcase classname="testSuite.PdpPomTestScripts" name="VerifyCorrectProductIsAdded" time="0.0">
    <ignored/>
  </testcase> <!-- VerifyCorrectProductIsAdded -->
  <testcase classname="testSuite.PdpPomTestScripts" name="TC_DETAILS_013_VerifyDonwloadSample" time="0.0">
    <ignored/>
  </testcase> <!-- TC_DETAILS_013_VerifyDonwloadSample -->
</testsuite> <!-- Default test -->
