<?xml version="1.0" encoding="UTF-8"?>
<testng-results ignored="0" total="2" passed="2" failed="0" skipped="0">
  <reporter-output>
  </reporter-output>
  <suite started-at="2022-12-16T17:56:05 CET" name="Suite" finished-at="2022-12-16T17:58:10 CET" duration-ms="125221">
    <groups>
    </groups>
    <test started-at="2022-12-16T17:56:05 CET" name="Test" finished-at="2022-12-16T17:58:10 CET" duration-ms="125221">
      <class name="test.dynamicTable">
        <test-method is-config="true" signature="testSetup()[pri:0, instance:test.dynamicTable@247d8ae]" started-at="2022-12-16T17:56:05 CET" name="testSetup" finished-at="2022-12-16T17:57:25 CET" duration-ms="79923" status="PASS">
          <reporter-output>
          </reporter-output>
        </test-method> <!-- testSetup -->
        <test-method signature="dynamicTableUi()[pri:0, instance:test.dynamicTable@247d8ae]" started-at="2022-12-16T17:57:25 CET" name="dynamicTableUi" finished-at="2022-12-16T17:57:26 CET" duration-ms="401" status="PASS">
          <reporter-output>
          </reporter-output>
        </test-method> <!-- dynamicTableUi -->
        <test-method is-config="true" signature="testTeardown()[pri:0, instance:test.dynamicTable@247d8ae]" started-at="2022-12-16T17:57:26 CET" name="testTeardown" finished-at="2022-12-16T17:57:29 CET" duration-ms="3001" status="PASS">
          <reporter-output>
          </reporter-output>
        </test-method> <!-- testTeardown -->
        <test-method is-config="true" signature="testSetup()[pri:0, instance:test.dynamicTable@247d8ae]" started-at="2022-12-16T17:57:29 CET" name="testSetup" finished-at="2022-12-16T17:58:07 CET" duration-ms="38581" status="PASS">
          <reporter-output>
          </reporter-output>
        </test-method> <!-- testSetup -->
        <test-method signature="dynamicTableUi1()[pri:0, instance:test.dynamicTable@247d8ae]" started-at="2022-12-16T17:58:07 CET" name="dynamicTableUi1" finished-at="2022-12-16T17:58:07 CET" duration-ms="128" status="PASS">
          <reporter-output>
          </reporter-output>
        </test-method> <!-- dynamicTableUi1 -->
        <test-method is-config="true" signature="testTeardown()[pri:0, instance:test.dynamicTable@247d8ae]" started-at="2022-12-16T17:58:07 CET" name="testTeardown" finished-at="2022-12-16T17:58:10 CET" duration-ms="3001" status="PASS">
          <reporter-output>
          </reporter-output>
        </test-method> <!-- testTeardown -->
      </class> <!-- test.dynamicTable -->
    </test> <!-- Test -->
  </suite> <!-- Suite -->
</testng-results>
